{"C:\\Users\\azabala\\Documents\\PROYECTO MELI\\frontendapp\\src\\api\\api.tsx": {"path":"C:\\Users\\azabala\\Documents\\PROYECTO MELI\\frontendapp\\src\\api\\api.tsx","statementMap":{"0":{"start":{"line":2,"column":15},"end":{"line":2,"column":42}},"1":{"start":{"line":3,"column":13},"end":{"line":3,"column":20}},"2":{"start":{"line":5,"column":13},"end":{"line":7,"column":2}},"3":{"start":{"line":14,"column":29},"end":{"line":16,"column":1}},"4":{"start":{"line":15,"column":2},"end":{"line":15,"column":40}},"5":{"start":{"line":23,"column":35},"end":{"line":25,"column":1}},"6":{"start":{"line":24,"column":2},"end":{"line":24,"column":35}}},"fnMap":{"0":{"name":"(anonymous_0)","decl":{"start":{"line":14,"column":29},"end":{"line":14,"column":30}},"loc":{"start":{"line":14,"column":48},"end":{"line":16,"column":1}},"line":14},"1":{"name":"(anonymous_1)","decl":{"start":{"line":23,"column":35},"end":{"line":23,"column":36}},"loc":{"start":{"line":23,"column":51},"end":{"line":25,"column":1}},"line":23}},"branchMap":{},"s":{"0":2,"1":2,"2":2,"3":2,"4":1,"5":2,"6":1},"f":{"0":1,"1":1},"b":{},"_coverageSchema":"1a1c01bbd47fc00a2c39e90264f33305004495a9","hash":"9058343a1732f581170d2d5b9af788713a56478b"}
,"C:\\Users\\azabala\\Documents\\PROYECTO MELI\\frontendapp\\src\\components\\atomic\\BreadCrumbs\\BreadCrumbs.tsx": {"path":"C:\\Users\\azabala\\Documents\\PROYECTO MELI\\frontendapp\\src\\components\\atomic\\BreadCrumbs\\BreadCrumbs.tsx","statementMap":{"0":{"start":{"line":6,"column":27},"end":{"line":15,"column":1}},"1":{"start":{"line":7,"column":2},"end":{"line":7,"column":39}},"2":{"start":{"line":7,"column":26},"end":{"line":7,"column":39}},"3":{"start":{"line":8,"column":2},"end":{"line":14,"column":4}}},"fnMap":{"0":{"name":"(anonymous_0)","decl":{"start":{"line":6,"column":27},"end":{"line":6,"column":28}},"loc":{"start":{"line":6,"column":52},"end":{"line":15,"column":1}},"line":6}},"branchMap":{"0":{"loc":{"start":{"line":7,"column":2},"end":{"line":7,"column":39}},"type":"if","locations":[{"start":{"line":7,"column":2},"end":{"line":7,"column":39}},{"start":{"line":7,"column":2},"end":{"line":7,"column":39}}],"line":7}},"s":{"0":4,"1":4,"2":3,"3":1},"f":{"0":4},"b":{"0":[3,1]},"_coverageSchema":"1a1c01bbd47fc00a2c39e90264f33305004495a9","hash":"6e46e9bb83f941185430279814c0ccdb91d9e421"}
,"C:\\Users\\azabala\\Documents\\PROYECTO MELI\\frontendapp\\src\\components\\atomic\\BreadCrumbs\\BreadCrumbsList\\BreadCrumbsList.tsx": {"path":"C:\\Users\\azabala\\Documents\\PROYECTO MELI\\frontendapp\\src\\components\\atomic\\BreadCrumbs\\BreadCrumbsList\\BreadCrumbsList.tsx","statementMap":{"0":{"start":{"line":3,"column":31},"end":{"line":20,"column":1}},"1":{"start":{"line":4,"column":2},"end":{"line":19,"column":4}},"2":{"start":{"line":7,"column":23},"end":{"line":7,"column":41}},"3":{"start":{"line":8,"column":24},"end":{"line":8,"column":51}},"4":{"start":{"line":10,"column":8},"end":{"line":16,"column":10}},"5":{"start":{"line":12,"column":55},"end":{"line":12,"column":73}}},"fnMap":{"0":{"name":"(anonymous_0)","decl":{"start":{"line":3,"column":31},"end":{"line":3,"column":32}},"loc":{"start":{"line":3,"column":56},"end":{"line":20,"column":1}},"line":3},"1":{"name":"(anonymous_1)","decl":{"start":{"line":6,"column":22},"end":{"line":6,"column":23}},"loc":{"start":{"line":6,"column":53},"end":{"line":17,"column":7}},"line":6},"2":{"name":"(anonymous_2)","decl":{"start":{"line":12,"column":48},"end":{"line":12,"column":49}},"loc":{"start":{"line":12,"column":55},"end":{"line":12,"column":73}},"line":12}},"branchMap":{"0":{"loc":{"start":{"line":8,"column":24},"end":{"line":8,"column":51}},"type":"cond-expr","locations":[{"start":{"line":8,"column":33},"end":{"line":8,"column":46}},{"start":{"line":8,"column":49},"end":{"line":8,"column":51}}],"line":8}},"s":{"0":5,"1":2,"2":6,"3":6,"4":6,"5":2},"f":{"0":2,"1":6,"2":2},"b":{"0":[2,4]},"_coverageSchema":"1a1c01bbd47fc00a2c39e90264f33305004495a9","hash":"7bee6a23c7c00fb18ba3a304ad281380df277257"}
,"C:\\Users\\azabala\\Documents\\PROYECTO MELI\\frontendapp\\src\\components\\atomic\\ItemDetails\\ItemDetails.tsx": {"path":"C:\\Users\\azabala\\Documents\\PROYECTO MELI\\frontendapp\\src\\components\\atomic\\ItemDetails\\ItemDetails.tsx","statementMap":{"0":{"start":{"line":6,"column":27},"end":{"line":59,"column":1}},"1":{"start":{"line":7,"column":2},"end":{"line":14,"column":6}},"2":{"start":{"line":8,"column":4},"end":{"line":14,"column":6}},"3":{"start":{"line":16,"column":17},"end":{"line":16,"column":41}},"4":{"start":{"line":17,"column":16},"end":{"line":17,"column":57}},"5":{"start":{"line":18,"column":20},"end":{"line":18,"column":64}},"6":{"start":{"line":20,"column":2},"end":{"line":58,"column":4}}},"fnMap":{"0":{"name":"(anonymous_0)","decl":{"start":{"line":6,"column":27},"end":{"line":6,"column":28}},"loc":{"start":{"line":6,"column":46},"end":{"line":59,"column":1}},"line":6}},"branchMap":{"0":{"loc":{"start":{"line":7,"column":2},"end":{"line":14,"column":6}},"type":"if","locations":[{"start":{"line":7,"column":2},"end":{"line":14,"column":6}},{"start":{"line":7,"column":2},"end":{"line":14,"column":6}}],"line":7},"1":{"loc":{"start":{"line":16,"column":17},"end":{"line":16,"column":41}},"type":"binary-expr","locations":[{"start":{"line":16,"column":17},"end":{"line":16,"column":34}},{"start":{"line":16,"column":38},"end":{"line":16,"column":41}}],"line":16},"2":{"loc":{"start":{"line":18,"column":20},"end":{"line":18,"column":64}},"type":"cond-expr","locations":[{"start":{"line":18,"column":47},"end":{"line":18,"column":54}},{"start":{"line":18,"column":57},"end":{"line":18,"column":64}}],"line":18}},"s":{"0":3,"1":5,"2":1,"3":4,"4":4,"5":4,"6":4},"f":{"0":5},"b":{"0":[1,4],"1":[4,1],"2":[3,1]},"_coverageSchema":"1a1c01bbd47fc00a2c39e90264f33305004495a9","hash":"0f16e9dbf40628a89a8a86646deedc339e88e8a4"}
,"C:\\Users\\azabala\\Documents\\PROYECTO MELI\\frontendapp\\src\\components\\atomic\\NavBar\\NavBar.tsx": {"path":"C:\\Users\\azabala\\Documents\\PROYECTO MELI\\frontendapp\\src\\components\\atomic\\NavBar\\NavBar.tsx","statementMap":{"0":{"start":{"line":8,"column":15},"end":{"line":57,"column":1}},"1":{"start":{"line":9,"column":19},"end":{"line":9,"column":32}},"2":{"start":{"line":10,"column":38},"end":{"line":10,"column":50}},"3":{"start":{"line":11,"column":32},"end":{"line":11,"column":57}},"4":{"start":{"line":13,"column":2},"end":{"line":15,"column":15}},"5":{"start":{"line":14,"column":4},"end":{"line":14,"column":26}},"6":{"start":{"line":17,"column":28},"end":{"line":20,"column":3}},"7":{"start":{"line":18,"column":4},"end":{"line":18,"column":38}},"8":{"start":{"line":19,"column":4},"end":{"line":19,"column":34}},"9":{"start":{"line":22,"column":23},"end":{"line":27,"column":3}},"10":{"start":{"line":23,"column":4},"end":{"line":23,"column":23}},"11":{"start":{"line":24,"column":4},"end":{"line":26,"column":5}},"12":{"start":{"line":25,"column":6},"end":{"line":25,"column":42}},"13":{"start":{"line":28,"column":2},"end":{"line":56,"column":4}}},"fnMap":{"0":{"name":"(anonymous_0)","decl":{"start":{"line":8,"column":15},"end":{"line":8,"column":16}},"loc":{"start":{"line":8,"column":21},"end":{"line":57,"column":1}},"line":8},"1":{"name":"(anonymous_1)","decl":{"start":{"line":13,"column":12},"end":{"line":13,"column":13}},"loc":{"start":{"line":13,"column":18},"end":{"line":15,"column":3}},"line":13},"2":{"name":"(anonymous_2)","decl":{"start":{"line":17,"column":28},"end":{"line":17,"column":29}},"loc":{"start":{"line":17,"column":44},"end":{"line":20,"column":3}},"line":17},"3":{"name":"(anonymous_3)","decl":{"start":{"line":22,"column":23},"end":{"line":22,"column":24}},"loc":{"start":{"line":22,"column":35},"end":{"line":27,"column":3}},"line":22}},"branchMap":{"0":{"loc":{"start":{"line":24,"column":4},"end":{"line":26,"column":5}},"type":"if","locations":[{"start":{"line":24,"column":4},"end":{"line":26,"column":5}},{"start":{"line":24,"column":4},"end":{"line":26,"column":5}}],"line":24}},"s":{"0":5,"1":17,"2":17,"3":17,"4":17,"5":7,"6":17,"7":3,"8":3,"9":17,"10":2,"11":2,"12":1,"13":17},"f":{"0":17,"1":7,"2":3,"3":2},"b":{"0":[1,1]},"_coverageSchema":"1a1c01bbd47fc00a2c39e90264f33305004495a9","hash":"30d61192b78fb579b29ab82ff733258aa90a2694"}
,"C:\\Users\\azabala\\Documents\\PROYECTO MELI\\frontendapp\\src\\components\\atomic\\ResultList\\ResultList.tsx": {"path":"C:\\Users\\azabala\\Documents\\PROYECTO MELI\\frontendapp\\src\\components\\atomic\\ResultList\\ResultList.tsx","statementMap":{"0":{"start":{"line":6,"column":27},"end":{"line":22,"column":1}},"1":{"start":{"line":7,"column":2},"end":{"line":21,"column":4}},"2":{"start":{"line":12,"column":12},"end":{"line":14,"column":18}}},"fnMap":{"0":{"name":"(anonymous_0)","decl":{"start":{"line":6,"column":27},"end":{"line":6,"column":28}},"loc":{"start":{"line":6,"column":47},"end":{"line":22,"column":1}},"line":6},"1":{"name":"(anonymous_1)","decl":{"start":{"line":11,"column":20},"end":{"line":11,"column":21}},"loc":{"start":{"line":12,"column":12},"end":{"line":14,"column":18}},"line":12}},"branchMap":{"0":{"loc":{"start":{"line":10,"column":9},"end":{"line":18,"column":9}},"type":"cond-expr","locations":[{"start":{"line":11,"column":10},"end":{"line":15,"column":12}},{"start":{"line":17,"column":10},"end":{"line":17,"column":61}}],"line":10}},"s":{"0":3,"1":4,"2":1},"f":{"0":4,"1":1},"b":{"0":[1,1]},"_coverageSchema":"1a1c01bbd47fc00a2c39e90264f33305004495a9","hash":"59468d2d51a26bb113f9ec8c4ec7b0819697e0e1"}
,"C:\\Users\\azabala\\Documents\\PROYECTO MELI\\frontendapp\\src\\components\\atomic\\ResultsListItem\\ResultsListItem.tsx": {"path":"C:\\Users\\azabala\\Documents\\PROYECTO MELI\\frontendapp\\src\\components\\atomic\\ResultsListItem\\ResultsListItem.tsx","statementMap":{"0":{"start":{"line":7,"column":31},"end":{"line":51,"column":1}},"1":{"start":{"line":8,"column":14},"end":{"line":8,"column":33}},"2":{"start":{"line":10,"column":17},"end":{"line":10,"column":41}},"3":{"start":{"line":11,"column":16},"end":{"line":11,"column":57}},"4":{"start":{"line":12,"column":24},"end":{"line":14,"column":34}},"5":{"start":{"line":15,"column":20},"end":{"line":15,"column":64}},"6":{"start":{"line":17,"column":2},"end":{"line":50,"column":4}}},"fnMap":{"0":{"name":"(anonymous_0)","decl":{"start":{"line":7,"column":31},"end":{"line":7,"column":32}},"loc":{"start":{"line":7,"column":50},"end":{"line":51,"column":1}},"line":7}},"branchMap":{"0":{"loc":{"start":{"line":10,"column":17},"end":{"line":10,"column":41}},"type":"binary-expr","locations":[{"start":{"line":10,"column":17},"end":{"line":10,"column":34}},{"start":{"line":10,"column":38},"end":{"line":10,"column":41}}],"line":10},"1":{"loc":{"start":{"line":12,"column":24},"end":{"line":14,"column":34}},"type":"cond-expr","locations":[{"start":{"line":13,"column":6},"end":{"line":13,"column":31}},{"start":{"line":14,"column":6},"end":{"line":14,"column":34}}],"line":12},"2":{"loc":{"start":{"line":15,"column":20},"end":{"line":15,"column":64}},"type":"cond-expr","locations":[{"start":{"line":15,"column":47},"end":{"line":15,"column":54}},{"start":{"line":15,"column":57},"end":{"line":15,"column":64}}],"line":15}},"s":{"0":4,"1":3,"2":3,"3":3,"4":3,"5":3,"6":3},"f":{"0":3},"b":{"0":[3,3],"1":[1,2],"2":[1,2]},"_coverageSchema":"1a1c01bbd47fc00a2c39e90264f33305004495a9","hash":"c98e09ca41650f598aff33e9b6837b1070360f8e"}
,"C:\\Users\\azabala\\Documents\\PROYECTO MELI\\frontendapp\\src\\context\\SearchContext.tsx": {"path":"C:\\Users\\azabala\\Documents\\PROYECTO MELI\\frontendapp\\src\\context\\SearchContext.tsx","statementMap":{"0":{"start":{"line":8,"column":29},"end":{"line":11,"column":2}}},"fnMap":{"0":{"name":"(anonymous_0)","decl":{"start":{"line":10,"column":13},"end":{"line":10,"column":14}},"loc":{"start":{"line":10,"column":19},"end":{"line":10,"column":21}},"line":10}},"branchMap":{},"s":{"0":5},"f":{"0":0},"b":{},"_coverageSchema":"1a1c01bbd47fc00a2c39e90264f33305004495a9","hash":"9f0cf98d71ec059e32ca97a8e9e17867a986bf46"}
,"C:\\Users\\azabala\\Documents\\PROYECTO MELI\\frontendapp\\src\\pages\\Home\\Home.jsx": {"path":"C:\\Users\\azabala\\Documents\\PROYECTO MELI\\frontendapp\\src\\pages\\Home\\Home.jsx","statementMap":{"0":{"start":{"line":5,"column":13},"end":{"line":18,"column":1}},"1":{"start":{"line":6,"column":2},"end":{"line":17,"column":4}}},"fnMap":{"0":{"name":"(anonymous_0)","decl":{"start":{"line":5,"column":13},"end":{"line":5,"column":14}},"loc":{"start":{"line":5,"column":19},"end":{"line":18,"column":1}},"line":5}},"branchMap":{},"s":{"0":2,"1":2},"f":{"0":2},"b":{},"_coverageSchema":"1a1c01bbd47fc00a2c39e90264f33305004495a9","hash":"7ac448c9933a48527bbf836aea2147cf3df6bdb4"}
,"C:\\Users\\azabala\\Documents\\PROYECTO MELI\\frontendapp\\src\\pages\\ProductDetail\\ProductDetail.tsx": {"path":"C:\\Users\\azabala\\Documents\\PROYECTO MELI\\frontendapp\\src\\pages\\ProductDetail\\ProductDetail.tsx","statementMap":{"0":{"start":{"line":12,"column":22},"end":{"line":50,"column":1}},"1":{"start":{"line":13,"column":32},"end":{"line":13,"column":47}},"2":{"start":{"line":14,"column":26},"end":{"line":14,"column":42}},"3":{"start":{"line":16,"column":15},"end":{"line":16,"column":26}},"4":{"start":{"line":18,"column":2},"end":{"line":27,"column":9}},"5":{"start":{"line":19,"column":4},"end":{"line":19,"column":21}},"6":{"start":{"line":20,"column":23},"end":{"line":24,"column":5}},"7":{"start":{"line":21,"column":23},"end":{"line":21,"column":47}},"8":{"start":{"line":22,"column":6},"end":{"line":22,"column":20}},"9":{"start":{"line":23,"column":6},"end":{"line":23,"column":24}},"10":{"start":{"line":26,"column":4},"end":{"line":26,"column":17}},"11":{"start":{"line":29,"column":24},"end":{"line":31,"column":22}},"12":{"start":{"line":33,"column":2},"end":{"line":49,"column":4}}},"fnMap":{"0":{"name":"(anonymous_0)","decl":{"start":{"line":12,"column":22},"end":{"line":12,"column":23}},"loc":{"start":{"line":12,"column":28},"end":{"line":50,"column":1}},"line":12},"1":{"name":"(anonymous_1)","decl":{"start":{"line":18,"column":12},"end":{"line":18,"column":13}},"loc":{"start":{"line":18,"column":18},"end":{"line":27,"column":3}},"line":18},"2":{"name":"(anonymous_2)","decl":{"start":{"line":20,"column":23},"end":{"line":20,"column":24}},"loc":{"start":{"line":20,"column":35},"end":{"line":24,"column":5}},"line":20}},"branchMap":{"0":{"loc":{"start":{"line":29,"column":24},"end":{"line":31,"column":22}},"type":"cond-expr","locations":[{"start":{"line":30,"column":6},"end":{"line":30,"column":43}},{"start":{"line":31,"column":6},"end":{"line":31,"column":22}}],"line":29},"1":{"loc":{"start":{"line":41,"column":9},"end":{"line":46,"column":9}},"type":"binary-expr","locations":[{"start":{"line":41,"column":9},"end":{"line":41,"column":13}},{"start":{"line":42,"column":10},"end":{"line":45,"column":16}}],"line":41}},"s":{"0":2,"1":5,"2":4,"3":4,"4":4,"5":1,"6":1,"7":1,"8":1,"9":1,"10":1,"11":4,"12":4},"f":{"0":5,"1":1,"2":1},"b":{"0":[2,2],"1":[4,2]},"_coverageSchema":"1a1c01bbd47fc00a2c39e90264f33305004495a9","hash":"cf57f46eae9a47e8b09d1ff53a19dbefa95a09f0"}
,"C:\\Users\\azabala\\Documents\\PROYECTO MELI\\frontendapp\\src\\pages\\ProductsResult\\ProductsResult.tsx": {"path":"C:\\Users\\azabala\\Documents\\PROYECTO MELI\\frontendapp\\src\\pages\\ProductsResult\\ProductsResult.tsx","statementMap":{"0":{"start":{"line":11,"column":17},"end":{"line":13,"column":1}},"1":{"start":{"line":12,"column":2},"end":{"line":12,"column":51}},"2":{"start":{"line":15,"column":23},"end":{"line":56,"column":1}},"3":{"start":{"line":16,"column":14},"end":{"line":16,"column":24}},"4":{"start":{"line":17,"column":26},"end":{"line":17,"column":43}},"5":{"start":{"line":18,"column":32},"end":{"line":18,"column":47}},"6":{"start":{"line":20,"column":22},"end":{"line":20,"column":41}},"7":{"start":{"line":22,"column":2},"end":{"line":28,"column":20}},"8":{"start":{"line":23,"column":4},"end":{"line":23,"column":21}},"9":{"start":{"line":24,"column":4},"end":{"line":27,"column":7}},"10":{"start":{"line":25,"column":6},"end":{"line":25,"column":20}},"11":{"start":{"line":26,"column":6},"end":{"line":26,"column":24}},"12":{"start":{"line":30,"column":24},"end":{"line":32,"column":22}},"13":{"start":{"line":34,"column":2},"end":{"line":55,"column":4}}},"fnMap":{"0":{"name":"(anonymous_0)","decl":{"start":{"line":11,"column":17},"end":{"line":11,"column":18}},"loc":{"start":{"line":11,"column":23},"end":{"line":13,"column":1}},"line":11},"1":{"name":"(anonymous_1)","decl":{"start":{"line":15,"column":23},"end":{"line":15,"column":24}},"loc":{"start":{"line":15,"column":29},"end":{"line":56,"column":1}},"line":15},"2":{"name":"(anonymous_2)","decl":{"start":{"line":22,"column":12},"end":{"line":22,"column":13}},"loc":{"start":{"line":22,"column":18},"end":{"line":28,"column":3}},"line":22},"3":{"name":"(anonymous_3)","decl":{"start":{"line":24,"column":31},"end":{"line":24,"column":32}},"loc":{"start":{"line":24,"column":50},"end":{"line":27,"column":5}},"line":24}},"branchMap":{"0":{"loc":{"start":{"line":30,"column":24},"end":{"line":32,"column":22}},"type":"cond-expr","locations":[{"start":{"line":31,"column":6},"end":{"line":31,"column":43}},{"start":{"line":32,"column":6},"end":{"line":32,"column":22}}],"line":30},"1":{"loc":{"start":{"line":46,"column":11},"end":{"line":51,"column":11}},"type":"binary-expr","locations":[{"start":{"line":46,"column":11},"end":{"line":46,"column":15}},{"start":{"line":47,"column":12},"end":{"line":50,"column":15}}],"line":46}},"s":{"0":2,"1":4,"2":2,"3":4,"4":3,"5":3,"6":3,"7":3,"8":1,"9":1,"10":1,"11":0,"12":3,"13":3},"f":{"0":4,"1":4,"2":1,"3":1},"b":{"0":[2,1],"1":[3,1]},"_coverageSchema":"1a1c01bbd47fc00a2c39e90264f33305004495a9","hash":"6338734f4d7dc3a8a58221fee2a4b2f14a2744ca"}
,"C:\\Users\\azabala\\Documents\\PROYECTO MELI\\frontendapp\\src\\routes\\App.tsx": {"path":"C:\\Users\\azabala\\Documents\\PROYECTO MELI\\frontendapp\\src\\routes\\App.tsx","statementMap":{"0":{"start":{"line":9,"column":12},"end":{"line":28,"column":1}},"1":{"start":{"line":10,"column":30},"end":{"line":10,"column":42}},"2":{"start":{"line":12,"column":2},"end":{"line":27,"column":4}}},"fnMap":{"0":{"name":"(anonymous_0)","decl":{"start":{"line":9,"column":12},"end":{"line":9,"column":13}},"loc":{"start":{"line":9,"column":18},"end":{"line":28,"column":1}},"line":9}},"branchMap":{},"s":{"0":1,"1":1,"2":1},"f":{"0":1},"b":{},"_coverageSchema":"1a1c01bbd47fc00a2c39e90264f33305004495a9","hash":"e1bfb1e35a5834d533a23e9f0992af70c8c3f2f7"}
,"C:\\Users\\azabala\\Documents\\PROYECTO MELI\\frontendapp\\src\\utils\\Utils.tsx": {"path":"C:\\Users\\azabala\\Documents\\PROYECTO MELI\\frontendapp\\src\\utils\\Utils.tsx","statementMap":{"0":{"start":{"line":1,"column":30},"end":{"line":4,"column":65}},"1":{"start":{"line":2,"column":2},"end":{"line":4,"column":65}}},"fnMap":{"0":{"name":"(anonymous_0)","decl":{"start":{"line":1,"column":30},"end":{"line":1,"column":31}},"loc":{"start":{"line":2,"column":2},"end":{"line":4,"column":65}},"line":2}},"branchMap":{"0":{"loc":{"start":{"line":1,"column":44},"end":{"line":1,"column":56}},"type":"default-arg","locations":[{"start":{"line":1,"column":53},"end":{"line":1,"column":56}}],"line":1},"1":{"loc":{"start":{"line":1,"column":58},"end":{"line":1,"column":70}},"type":"default-arg","locations":[{"start":{"line":1,"column":69},"end":{"line":1,"column":70}}],"line":1}},"s":{"0":7,"1":8},"f":{"0":8},"b":{"0":[1],"1":[8]},"_coverageSchema":"1a1c01bbd47fc00a2c39e90264f33305004495a9","hash":"911ac023225a0938edb6025342590f3269debc33"}
}
