TN:
SF:src\api\api.tsx
FN:14,(anonymous_0)
FN:23,(anonymous_1)
FNF:2
FNH:2
FNDA:1,(anonymous_0)
FNDA:1,(anonymous_1)
DA:2,2
DA:3,2
DA:5,2
DA:14,2
DA:15,1
DA:23,2
DA:24,1
LF:7
LH:7
BRF:0
BRH:0
end_of_record
TN:
SF:src\components\atomic\BreadCrumbs\BreadCrumbs.tsx
FN:6,(anonymous_0)
FNF:1
FNH:1
FNDA:4,(anonymous_0)
DA:6,4
DA:7,4
DA:8,1
LF:3
LH:3
BRDA:7,0,0,3
BRDA:7,0,1,1
BRF:2
BRH:2
end_of_record
TN:
SF:src\components\atomic\BreadCrumbs\BreadCrumbsList\BreadCrumbsList.tsx
FN:3,(anonymous_0)
FN:6,(anonymous_1)
FN:12,(anonymous_2)
FNF:3
FNH:3
FNDA:2,(anonymous_0)
FNDA:6,(anonymous_1)
FNDA:2,(anonymous_2)
DA:3,5
DA:4,2
DA:7,6
DA:8,6
DA:10,6
DA:12,2
LF:6
LH:6
BRDA:8,0,0,2
BRDA:8,0,1,4
BRF:2
BRH:2
end_of_record
TN:
SF:src\components\atomic\ItemDetails\ItemDetails.tsx
FN:6,(anonymous_0)
FNF:1
FNH:1
FNDA:5,(anonymous_0)
DA:6,3
DA:7,5
DA:8,1
DA:16,4
DA:17,4
DA:18,4
DA:20,4
LF:7
LH:7
BRDA:7,0,0,1
BRDA:7,0,1,4
BRDA:16,1,0,4
BRDA:16,1,1,1
BRDA:18,2,0,3
BRDA:18,2,1,1
BRF:6
BRH:6
end_of_record
TN:
SF:src\components\atomic\NavBar\NavBar.tsx
FN:8,(anonymous_0)
FN:13,(anonymous_1)
FN:17,(anonymous_2)
FN:22,(anonymous_3)
FNF:4
FNH:4
FNDA:17,(anonymous_0)
FNDA:7,(anonymous_1)
FNDA:3,(anonymous_2)
FNDA:2,(anonymous_3)
DA:8,5
DA:9,17
DA:10,17
DA:11,17
DA:13,17
DA:14,7
DA:17,17
DA:18,3
DA:19,3
DA:22,17
DA:23,2
DA:24,2
DA:25,1
DA:28,17
LF:14
LH:14
BRDA:24,0,0,1
BRDA:24,0,1,1
BRF:2
BRH:2
end_of_record
TN:
SF:src\components\atomic\ResultList\ResultList.tsx
FN:6,(anonymous_0)
FN:11,(anonymous_1)
FNF:2
FNH:2
FNDA:4,(anonymous_0)
FNDA:1,(anonymous_1)
DA:6,3
DA:7,4
DA:12,1
LF:3
LH:3
BRDA:10,0,0,1
BRDA:10,0,1,1
BRF:2
BRH:2
end_of_record
TN:
SF:src\components\atomic\ResultsListItem\ResultsListItem.tsx
FN:7,(anonymous_0)
FNF:1
FNH:1
FNDA:3,(anonymous_0)
DA:7,4
DA:8,3
DA:10,3
DA:11,3
DA:12,3
DA:15,3
DA:17,3
LF:7
LH:7
BRDA:10,0,0,3
BRDA:10,0,1,3
BRDA:12,1,0,1
BRDA:12,1,1,2
BRDA:15,2,0,1
BRDA:15,2,1,2
BRF:6
BRH:6
end_of_record
TN:
SF:src\context\SearchContext.tsx
FN:10,(anonymous_0)
FNF:1
FNH:0
FNDA:0,(anonymous_0)
DA:8,5
LF:1
LH:1
BRF:0
BRH:0
end_of_record
TN:
SF:src\pages\Home\Home.jsx
FN:5,(anonymous_0)
FNF:1
FNH:1
FNDA:2,(anonymous_0)
DA:5,2
DA:6,2
LF:2
LH:2
BRF:0
BRH:0
end_of_record
TN:
SF:src\pages\ProductDetail\ProductDetail.tsx
FN:12,(anonymous_0)
FN:18,(anonymous_1)
FN:20,(anonymous_2)
FNF:3
FNH:3
FNDA:5,(anonymous_0)
FNDA:1,(anonymous_1)
FNDA:1,(anonymous_2)
DA:12,2
DA:13,5
DA:14,4
DA:16,4
DA:18,4
DA:19,1
DA:20,1
DA:21,1
DA:22,1
DA:23,1
DA:26,1
DA:29,4
DA:33,4
LF:13
LH:13
BRDA:29,0,0,2
BRDA:29,0,1,2
BRDA:41,1,0,4
BRDA:41,1,1,2
BRF:4
BRH:4
end_of_record
TN:
SF:src\pages\ProductsResult\ProductsResult.tsx
FN:11,(anonymous_0)
FN:15,(anonymous_1)
FN:22,(anonymous_2)
FN:24,(anonymous_3)
FNF:4
FNH:4
FNDA:4,(anonymous_0)
FNDA:4,(anonymous_1)
FNDA:1,(anonymous_2)
FNDA:1,(anonymous_3)
DA:11,2
DA:12,4
DA:15,2
DA:16,4
DA:17,3
DA:18,3
DA:20,3
DA:22,3
DA:23,1
DA:24,1
DA:25,1
DA:26,0
DA:30,3
DA:34,3
LF:14
LH:13
BRDA:30,0,0,2
BRDA:30,0,1,1
BRDA:46,1,0,3
BRDA:46,1,1,1
BRF:4
BRH:4
end_of_record
TN:
SF:src\routes\App.tsx
FN:9,(anonymous_0)
FNF:1
FNH:1
FNDA:1,(anonymous_0)
DA:9,1
DA:10,1
DA:12,1
LF:3
LH:3
BRF:0
BRH:0
end_of_record
TN:
SF:src\utils\Utils.tsx
FN:1,(anonymous_0)
FNF:1
FNH:1
FNDA:8,(anonymous_0)
DA:1,7
DA:2,8
LF:2
LH:2
BRDA:1,0,0,1
BRDA:1,1,0,8
BRF:2
BRH:2
end_of_record
